#
# There is insufficient memory for the Java Runtime Environment to continue.
# Native memory allocation (malloc) failed to allocate 995296 bytes for Chunk::new
# Possible reasons:
#   The system is out of physical RAM or swap space
#   The process is running with CompressedOops enabled, and the Java Heap may be blocking the growth of the native heap
# Possible solutions:
#   Reduce memory load on the system
#   Increase physical memory or swap space
#   Check if swap backing store is full
#   Decrease Java heap size (-Xmx/-Xms)
#   Decrease number of Java threads
#   Decrease Java thread stack sizes (-Xss)
#   Set larger code cache with -XX:ReservedCodeCacheSize=
#   JVM is running with Unscaled Compressed Oops mode in which the Java heap is
#     placed in the first 4GB address space. The Java Heap base address is the
#     maximum limit for the native heap growth. Please use -XX:HeapBaseMinAddress
#     to set the Java Heap base and to place the Java Heap above 4GB virtual address.
# This output file may be truncated or incomplete.
#
#  Out of Memory Error (./src/hotspot/share/memory/arena.cpp:197), pid=6056, tid=9940
#
# JRE version: OpenJDK Runtime Environment (11.0.10) (build 11.0.10+0-b96-7249189)
# Java VM: OpenJDK 64-Bit Server VM (11.0.10+0-b96-7249189, mixed mode, tiered, compressed oops, g1 gc, windows-amd64)
# No core dump will be written. Minidumps are not enabled by default on client versions of Windows
#

---------------  S U M M A R Y ------------

Command Line: org.jetbrains.kotlin.cli.jvm.K2JVMCompiler @D:\Mk Semester 7\Android\TAspesialisBangunan\app\build\20211225_15307958778767871846.compiler.options

Host: AMD Ryzen 5 2500U with Radeon Vega Mobile Gfx  , 8 cores, 3G,  Windows 10 , 64 bit Build 19041 (10.0.19041.1348)
Time: Sat Dec 25 13:25:20 2021 SE Asia Standard Time elapsed time: 22.468050 seconds (0d 0h 0m 22s)

---------------  T H R E A D  ---------------

Current thread (0x00000268f784c800):  JavaThread "C2 CompilerThread0" daemon [_thread_in_native, id=9940, stack(0x000000b3e7900000,0x000000b3e7a00000)]


Current CompileTask:
C2:  22468 9075       4       org.jetbrains.kotlin.parsing.KotlinExpressionParsing$Precedence::parseHigherPrecedence (30 bytes)

Stack: [0x000000b3e7900000,0x000000b3e7a00000]
Native frames: (J=compiled Java code, j=interpreted, Vv=VM code, C=native code)
V  [jvm.dll+0x5ecfaa]
V  [jvm.dll+0x722bd5]
V  [jvm.dll+0x72412d]
V  [jvm.dll+0x7247e3]
V  [jvm.dll+0x242928]
V  [jvm.dll+0xbc4fc]
V  [jvm.dll+0xbca0c]
V  [jvm.dll+0x2b4fd4]
V  [jvm.dll+0x506028]
V  [jvm.dll+0x203253]
V  [jvm.dll+0x1fd07c]
V  [jvm.dll+0x1fa77f]
V  [jvm.dll+0x18354c]
V  [jvm.dll+0x208ee7]
V  [jvm.dll+0x207731]
V  [jvm.dll+0x6eb1cf]
V  [jvm.dll+0x6e3d45]
V  [jvm.dll+0x5ebe96]
C  [ucrtbase.dll+0x21bb2]
C  [KERNEL32.DLL+0x17034]
C  [ntdll.dll+0x52651]


---------------  P R O C E S S  ---------------

Threads class SMR info:
_java_thread_list=0x00000268f7afc0d0, length=10, elements={
0x00000268defeb000, 0x00000268f7825000, 0x00000268f7828800, 0x00000268f7845000,
0x00000268f7847800, 0x00000268f7848800, 0x00000268f784c800, 0x00000268f78a3800,
0x00000268f78a9800, 0x00000268f78a4800
}

Java Threads: ( => current thread )
  0x00000268defeb000 JavaThread "main" [_thread_in_Java, id=1952, stack(0x000000b3e6d00000,0x000000b3e6e00000)]
  0x00000268f7825000 JavaThread "Reference Handler" daemon [_thread_blocked, id=13460, stack(0x000000b3e7400000,0x000000b3e7500000)]
  0x00000268f7828800 JavaThread "Finalizer" daemon [_thread_blocked, id=13904, stack(0x000000b3e7500000,0x000000b3e7600000)]
  0x00000268f7845000 JavaThread "Signal Dispatcher" daemon [_thread_blocked, id=15272, stack(0x000000b3e7600000,0x000000b3e7700000)]
  0x00000268f7847800 JavaThread "Attach Listener" daemon [_thread_blocked, id=17044, stack(0x000000b3e7700000,0x000000b3e7800000)]
  0x00000268f7848800 JavaThread "Service Thread" daemon [_thread_blocked, id=4824, stack(0x000000b3e7800000,0x000000b3e7900000)]
=>0x00000268f784c800 JavaThread "C2 CompilerThread0" daemon [_thread_in_native, id=9940, stack(0x000000b3e7900000,0x000000b3e7a00000)]
  0x00000268f78a3800 JavaThread "C1 CompilerThread0" daemon [_thread_in_native, id=2992, stack(0x000000b3e7a00000,0x000000b3e7b00000)]
  0x00000268f78a9800 JavaThread "Sweeper thread" daemon [_thread_blocked, id=8768, stack(0x000000b3e7b00000,0x000000b3e7c00000)]
  0x00000268f78a4800 JavaThread "Common-Cleaner" daemon [_thread_blocked, id=9592, stack(0x000000b3e7d00000,0x000000b3e7e00000)]

Other Threads:
  0x00000268f77ff000 VMThread "VM Thread" [stack: 0x000000b3e7300000,0x000000b3e7400000] [id=7084]
  0x00000268f7af9800 WatcherThread [stack: 0x000000b3e7c00000,0x000000b3e7d00000] [id=14376]
  0x00000268df003800 GCTaskThread "GC Thread#0" [stack: 0x000000b3e6e00000,0x000000b3e6f00000] [id=14796]
  0x00000268f8128000 GCTaskThread "GC Thread#1" [stack: 0x000000b3e7e00000,0x000000b3e7f00000] [id=15796]
  0x00000268f7e58800 GCTaskThread "GC Thread#2" [stack: 0x000000b3e8300000,0x000000b3e8400000] [id=3024]
  0x00000268df01b000 ConcurrentGCThread "G1 Main Marker" [stack: 0x000000b3e6f00000,0x000000b3e7000000] [id=15032]
  0x00000268df01c800 ConcurrentGCThread "G1 Conc#0" [stack: 0x000000b3e7000000,0x000000b3e7100000] [id=8904]
  0x00000268f90b7800 ConcurrentGCThread "G1 Conc#1" [stack: 0x000000b3e7f00000,0x000000b3e8000000] [id=13740]
  0x00000268df076800 ConcurrentGCThread "G1 Refine#0" [stack: 0x000000b3e7100000,0x000000b3e7200000] [id=2840]
  0x00000268f901b000 ConcurrentGCThread "G1 Refine#1" [stack: 0x000000b3e8000000,0x000000b3e8100000] [id=8572]
  0x00000268f935d800 ConcurrentGCThread "G1 Refine#2" [stack: 0x000000b3e8100000,0x000000b3e8200000] [id=14808]
  0x00000268faeb5800 ConcurrentGCThread "G1 Refine#3" [stack: 0x000000b3e8200000,0x000000b3e8300000] [id=15688]
  0x00000268df078000 ConcurrentGCThread "G1 Young RemSet Sampling" [stack: 0x000000b3e7200000,0x000000b3e7300000] [id=16556]

Threads with active compile tasks:
C2 CompilerThread0  22515 9075       4       org.jetbrains.kotlin.parsing.KotlinExpressionParsing$Precedence::parseHigherPrecedence (30 bytes)
C1 CompilerThread0  22515 9289       2       org.jetbrains.kotlin.resolve.calls.checkers.ImplicitNothingAsTypeParameterCallChecker::getSubResolvedAtomsToAnalyze (644 bytes)

VM state:not at safepoint (normal execution)

VM Mutex/Monitor currently owned by a thread: None

Heap address: 0x00000000c8a00000, size: 886 MB, Compressed Oops mode: 32-bit
Narrow klass base: 0x0000000000000000, Narrow klass shift: 3
Compressed class space size: 1073741824 Address: 0x0000000100000000

Heap:
 garbage-first heap   total 152576K, used 87010K [0x00000000c8a00000, 0x0000000100000000)
  region size 1024K, 10 young (10240K), 2 survivors (2048K)
 Metaspace       used 60359K, capacity 61099K, committed 61184K, reserved 1103872K
  class space    used 6613K, capacity 6907K, committed 6912K, reserved 1048576K
Heap Regions: E=young(eden), S=young(survivor), O=old, HS=humongous(starts), HC=humongous(continues), CS=collection set, F=free, A=archive, TAMS=top-at-mark-start (previous, next)
|   0|0x00000000c8a00000, 0x00000000c8b00000, 0x00000000c8b00000|100%|HS|  |TAMS 0x00000000c8b00000, 0x00000000c8a00000| Complete 
|   1|0x00000000c8b00000, 0x00000000c8c00000, 0x00000000c8c00000|100%|HC|  |TAMS 0x00000000c8c00000, 0x00000000c8b00000| Complete 
|   2|0x00000000c8c00000, 0x00000000c8d00000, 0x00000000c8d00000|100%|HC|  |TAMS 0x00000000c8d00000, 0x00000000c8c00000| Complete 
|   3|0x00000000c8d00000, 0x00000000c8e00000, 0x00000000c8e00000|100%| O|  |TAMS 0x00000000c8e00000, 0x00000000c8d00000| Untracked 
|   4|0x00000000c8e00000, 0x00000000c8f00000, 0x00000000c8f00000|100%| O|  |TAMS 0x00000000c8f00000, 0x00000000c8e00000| Untracked 
|   5|0x00000000c8f00000, 0x00000000c9000000, 0x00000000c9000000|100%| O|  |TAMS 0x00000000c9000000, 0x00000000c8f00000| Untracked 
|   6|0x00000000c9000000, 0x00000000c9100000, 0x00000000c9100000|100%| O|  |TAMS 0x00000000c9100000, 0x00000000c9000000| Untracked 
|   7|0x00000000c9100000, 0x00000000c9200000, 0x00000000c9200000|100%| O|  |TAMS 0x00000000c9200000, 0x00000000c9100000| Untracked 
|   8|0x00000000c9200000, 0x00000000c9300000, 0x00000000c9300000|100%| O|  |TAMS 0x00000000c9300000, 0x00000000c9200000| Untracked 
|   9|0x00000000c9300000, 0x00000000c9400000, 0x00000000c9400000|100%| O|  |TAMS 0x00000000c9400000, 0x00000000c9300000| Untracked 
|  10|0x00000000c9400000, 0x00000000c9500000, 0x00000000c9500000|100%|HS|  |TAMS 0x00000000c9500000, 0x00000000c9400000| Complete 
|  11|0x00000000c9500000, 0x00000000c9600000, 0x00000000c9600000|100%|HC|  |TAMS 0x00000000c9600000, 0x00000000c9500000| Complete 
|  12|0x00000000c9600000, 0x00000000c9700000, 0x00000000c9700000|100%|HC|  |TAMS 0x00000000c9700000, 0x00000000c9600000| Complete 
|  13|0x00000000c9700000, 0x00000000c9800000, 0x00000000c9800000|100%|HS|  |TAMS 0x00000000c9800000, 0x00000000c9700000| Complete 
|  14|0x00000000c9800000, 0x00000000c9900000, 0x00000000c9900000|100%|HC|  |TAMS 0x00000000c9900000, 0x00000000c9800000| Complete 
|  15|0x00000000c9900000, 0x00000000c9a00000, 0x00000000c9a00000|100%|HC|  |TAMS 0x00000000c9a00000, 0x00000000c9900000| Complete 
|  16|0x00000000c9a00000, 0x00000000c9b00000, 0x00000000c9b00000|100%| O|  |TAMS 0x00000000c9b00000, 0x00000000c9a00000| Untracked 
|  17|0x00000000c9b00000, 0x00000000c9c00000, 0x00000000c9c00000|100%| O|  |TAMS 0x00000000c9c00000, 0x00000000c9b00000| Untracked 
|  18|0x00000000c9c00000, 0x00000000c9d00000, 0x00000000c9d00000|100%| O|  |TAMS 0x00000000c9d00000, 0x00000000c9c00000| Untracked 
|  19|0x00000000c9d00000, 0x00000000c9e00000, 0x00000000c9e00000|100%| O|  |TAMS 0x00000000c9e00000, 0x00000000c9d00000| Untracked 
|  20|0x00000000c9e00000, 0x00000000c9f00000, 0x00000000c9f00000|100%| O|  |TAMS 0x00000000c9f00000, 0x00000000c9e00000| Untracked 
|  21|0x00000000c9f00000, 0x00000000ca000000, 0x00000000ca000000|100%| O|  |TAMS 0x00000000ca000000, 0x00000000c9f00000| Untracked 
|  22|0x00000000ca000000, 0x00000000ca100000, 0x00000000ca100000|100%| O|  |TAMS 0x00000000ca100000, 0x00000000ca000000| Untracked 
|  23|0x00000000ca100000, 0x00000000ca200000, 0x00000000ca200000|100%| O|  |TAMS 0x00000000ca200000, 0x00000000ca100000| Untracked 
|  24|0x00000000ca200000, 0x00000000ca300000, 0x00000000ca300000|100%| O|  |TAMS 0x00000000ca300000, 0x00000000ca200000| Untracked 
|  25|0x00000000ca300000, 0x00000000ca400000, 0x00000000ca400000|100%| O|  |TAMS 0x00000000ca400000, 0x00000000ca300000| Untracked 
|  26|0x00000000ca400000, 0x00000000ca500000, 0x00000000ca500000|100%| O|  |TAMS 0x00000000ca500000, 0x00000000ca400000| Untracked 
|  27|0x00000000ca500000, 0x00000000ca600000, 0x00000000ca600000|100%| O|  |TAMS 0x00000000ca600000, 0x00000000ca500000| Untracked 
|  28|0x00000000ca600000, 0x00000000ca700000, 0x00000000ca700000|100%| O|  |TAMS 0x00000000ca700000, 0x00000000ca600000| Untracked 
|  29|0x00000000ca700000, 0x00000000ca800000, 0x00000000ca800000|100%| O|  |TAMS 0x00000000ca800000, 0x00000000ca700000| Untracked 
|  30|0x00000000ca800000, 0x00000000ca900000, 0x00000000ca900000|100%| O|  |TAMS 0x00000000ca900000, 0x00000000ca800000| Untracked 
|  31|0x00000000ca900000, 0x00000000caa00000, 0x00000000caa00000|100%| O|  |TAMS 0x00000000caa00000, 0x00000000ca900000| Untracked 
|  32|0x00000000caa00000, 0x00000000cab00000, 0x00000000cab00000|100%| O|  |TAMS 0x00000000cab00000, 0x00000000caa00000| Untracked 
|  33|0x00000000cab00000, 0x00000000cac00000, 0x00000000cac00000|100%| O|  |TAMS 0x00000000cac00000, 0x00000000cab00000| Untracked 
|  34|0x00000000cac00000, 0x00000000cad00000, 0x00000000cad00000|100%| O|  |TAMS 0x00000000cad00000, 0x00000000cac00000| Untracked 
|  35|0x00000000cad00000, 0x00000000cae00000, 0x00000000cae00000|100%| O|  |TAMS 0x00000000cae00000, 0x00000000cad00000| Untracked 
|  36|0x00000000cae00000, 0x00000000caf00000, 0x00000000caf00000|100%|HS|  |TAMS 0x00000000caf00000, 0x00000000cae00000| Complete 
|  37|0x00000000caf00000, 0x00000000cb000000, 0x00000000cb000000|100%|HC|  |TAMS 0x00000000cb000000, 0x00000000caf00000| Complete 
|  38|0x00000000cb000000, 0x00000000cb100000, 0x00000000cb100000|100%| O|  |TAMS 0x00000000cb100000, 0x00000000cb000000| Untracked 
|  39|0x00000000cb100000, 0x00000000cb200000, 0x00000000cb200000|100%| O|  |TAMS 0x00000000cb200000, 0x00000000cb100000| Untracked 
|  40|0x00000000cb200000, 0x00000000cb300000, 0x00000000cb300000|100%| O|  |TAMS 0x00000000cb300000, 0x00000000cb200000| Untracked 
|  41|0x00000000cb300000, 0x00000000cb400000, 0x00000000cb400000|100%| O|  |TAMS 0x00000000cb400000, 0x00000000cb300000| Untracked 
|  42|0x00000000cb400000, 0x00000000cb500000, 0x00000000cb500000|100%| O|  |TAMS 0x00000000cb500000, 0x00000000cb400000| Untracked 
|  43|0x00000000cb500000, 0x00000000cb600000, 0x00000000cb600000|100%| O|  |TAMS 0x00000000cb600000, 0x00000000cb500000| Untracked 
|  44|0x00000000cb600000, 0x00000000cb700000, 0x00000000cb700000|100%| O|  |TAMS 0x00000000cb700000, 0x00000000cb600000| Untracked 
|  45|0x00000000cb700000, 0x00000000cb800000, 0x00000000cb800000|100%| O|  |TAMS 0x00000000cb800000, 0x00000000cb700000| Untracked 
|  46|0x00000000cb800000, 0x00000000cb900000, 0x00000000cb900000|100%| O|  |TAMS 0x00000000cb900000, 0x00000000cb800000| Untracked 
|  47|0x00000000cb900000, 0x00000000cba00000, 0x00000000cba00000|100%|HS|  |TAMS 0x00000000cba00000, 0x00000000cb900000| Complete 
|  48|0x00000000cba00000, 0x00000000cbb00000, 0x00000000cbb00000|100%|HC|  |TAMS 0x00000000cbb00000, 0x00000000cba00000| Complete 
|  49|0x00000000cbb00000, 0x00000000cbc00000, 0x00000000cbc00000|100%| O|  |TAMS 0x00000000cbc00000, 0x00000000cbb00000| Untracked 
|  50|0x00000000cbc00000, 0x00000000cbd00000, 0x00000000cbd00000|100%| O|  |TAMS 0x00000000cbd00000, 0x00000000cbc00000| Untracked 
|  51|0x00000000cbd00000, 0x00000000cbe00000, 0x00000000cbe00000|100%| O|  |TAMS 0x00000000cbe00000, 0x00000000cbd00000| Untracked 
|  52|0x00000000cbe00000, 0x00000000cbf00000, 0x00000000cbf00000|100%| O|  |TAMS 0x00000000cbf00000, 0x00000000cbe00000| Untracked 
|  53|0x00000000cbf00000, 0x00000000cc000000, 0x00000000cc000000|100%| O|  |TAMS 0x00000000cc000000, 0x00000000cbf00000| Untracked 
|  54|0x00000000cc000000, 0x00000000cc100000, 0x00000000cc100000|100%| O|  |TAMS 0x00000000cc100000, 0x00000000cc000000| Untracked 
|  55|0x00000000cc100000, 0x00000000cc200000, 0x00000000cc200000|100%| O|  |TAMS 0x00000000cc200000, 0x00000000cc100000| Untracked 
|  56|0x00000000cc200000, 0x00000000cc300000, 0x00000000cc300000|100%| O|  |TAMS 0x00000000cc300000, 0x00000000cc200000| Untracked 
|  57|0x00000000cc300000, 0x00000000cc400000, 0x00000000cc400000|100%| O|  |TAMS 0x00000000cc400000, 0x00000000cc300000| Untracked 
|  58|0x00000000cc400000, 0x00000000cc500000, 0x00000000cc500000|100%| O|  |TAMS 0x00000000cc500000, 0x00000000cc400000| Untracked 
|  59|0x00000000cc500000, 0x00000000cc600000, 0x00000000cc600000|100%| O|  |TAMS 0x00000000cc600000, 0x00000000cc500000| Untracked 
|  60|0x00000000cc600000, 0x00000000cc700000, 0x00000000cc700000|100%| O|  |TAMS 0x00000000cc700000, 0x00000000cc600000| Untracked 
|  61|0x00000000cc700000, 0x00000000cc800000, 0x00000000cc800000|100%| O|  |TAMS 0x00000000cc800000, 0x00000000cc700000| Untracked 
|  62|0x00000000cc800000, 0x00000000cc900000, 0x00000000cc900000|100%| O|  |TAMS 0x00000000cc900000, 0x00000000cc800000| Untracked 
|  63|0x00000000cc900000, 0x00000000cca00000, 0x00000000cca00000|100%| O|  |TAMS 0x00000000cca00000, 0x00000000cc900000| Untracked 
|  64|0x00000000cca00000, 0x00000000ccb00000, 0x00000000ccb00000|100%| O|  |TAMS 0x00000000ccb00000, 0x00000000cca00000| Untracked 
|  65|0x00000000ccb00000, 0x00000000ccc00000, 0x00000000ccc00000|100%| O|  |TAMS 0x00000000ccc00000, 0x00000000ccb00000| Untracked 
|  66|0x00000000ccc00000, 0x00000000ccd00000, 0x00000000ccd00000|100%| O|  |TAMS 0x00000000ccd00000, 0x00000000ccc00000| Untracked 
|  67|0x00000000ccd00000, 0x00000000cce00000, 0x00000000cce00000|100%| O|  |TAMS 0x00000000cce00000, 0x00000000ccd00000| Untracked 
|  68|0x00000000cce00000, 0x00000000ccf00000, 0x00000000ccf00000|100%| O|  |TAMS 0x00000000ccf00000, 0x00000000cce00000| Untracked 
|  69|0x00000000ccf00000, 0x00000000cd000000, 0x00000000cd000000|100%| O|  |TAMS 0x00000000cd000000, 0x00000000ccf00000| Untracked 
|  70|0x00000000cd000000, 0x00000000cd100000, 0x00000000cd100000|100%| O|  |TAMS 0x00000000cd100000, 0x00000000cd000000| Untracked 
|  71|0x00000000cd100000, 0x00000000cd200000, 0x00000000cd200000|100%| O|  |TAMS 0x00000000cd200000, 0x00000000cd100000| Untracked 
|  72|0x00000000cd200000, 0x00000000cd300000, 0x00000000cd300000|100%| O|  |TAMS 0x00000000cd300000, 0x00000000cd200000| Untracked 
|  73|0x00000000cd300000, 0x00000000cd400000, 0x00000000cd400000|100%| O|  |TAMS 0x00000000cd400000, 0x00000000cd300000| Untracked 
|  74|0x00000000cd400000, 0x00000000cd500000, 0x00000000cd500000|100%| O|  |TAMS 0x00000000cd500000, 0x00000000cd400000| Untracked 
|  75|0x00000000cd500000, 0x00000000cd600000, 0x00000000cd600000|100%| O|  |TAMS 0x00000000cd600000, 0x00000000cd500000| Untracked 
|  76|0x00000000cd600000, 0x00000000cd64c200, 0x00000000cd700000| 29%| O|  |TAMS 0x00000000cd64c200, 0x00000000cd600000| Untracked 
|  77|0x00000000cd700000, 0x00000000cd700000, 0x00000000cd800000|  0%| F|  |TAMS 0x00000000cd700000, 0x00000000cd700000| Untracked 
|  78|0x00000000cd800000, 0x00000000cd800000, 0x00000000cd900000|  0%| F|  |TAMS 0x00000000cd800000, 0x00000000cd800000| Untracked 
|  79|0x00000000cd900000, 0x00000000cd900000, 0x00000000cda00000|  0%| F|  |TAMS 0x00000000cd900000, 0x00000000cd900000| Untracked 
|  80|0x00000000cda00000, 0x00000000cda00000, 0x00000000cdb00000|  0%| F|  |TAMS 0x00000000cda00000, 0x00000000cda00000| Untracked 
|  81|0x00000000cdb00000, 0x00000000cdb00000, 0x00000000cdc00000|  0%| F|  |TAMS 0x00000000cdb00000, 0x00000000cdb00000| Untracked 
|  82|0x00000000cdc00000, 0x00000000cdc00000, 0x00000000cdd00000|  0%| F|  |TAMS 0x00000000cdc00000, 0x00000000cdc00000| Untracked 
|  83|0x00000000cdd00000, 0x00000000cdd00000, 0x00000000cde00000|  0%| F|  |TAMS 0x00000000cdd00000, 0x00000000cdd00000| Untracked 
|  84|0x00000000cde00000, 0x00000000cde00000, 0x00000000cdf00000|  0%| F|  |TAMS 0x00000000cde00000, 0x00000000cde00000| Untracked 
|  85|0x00000000cdf00000, 0x00000000cdf00000, 0x00000000ce000000|  0%| F|  |TAMS 0x00000000cdf00000, 0x00000000cdf00000| Untracked 
|  86|0x00000000ce000000, 0x00000000ce000000, 0x00000000ce100000|  0%| F|  |TAMS 0x00000000ce000000, 0x00000000ce000000| Untracked 
|  87|0x00000000ce100000, 0x00000000ce100000, 0x00000000ce200000|  0%| F|  |TAMS 0x00000000ce100000, 0x00000000ce100000| Untracked 
|  88|0x00000000ce200000, 0x00000000ce200000, 0x00000000ce300000|  0%| F|  |TAMS 0x00000000ce200000, 0x00000000ce200000| Untracked 
|  89|0x00000000ce300000, 0x00000000ce300000, 0x00000000ce400000|  0%| F|  |TAMS 0x00000000ce300000, 0x00000000ce300000| Untracked 
|  90|0x00000000ce400000, 0x00000000ce400000, 0x00000000ce500000|  0%| F|  |TAMS 0x00000000ce400000, 0x00000000ce400000| Untracked 
|  91|0x00000000ce500000, 0x00000000ce500000, 0x00000000ce600000|  0%| F|  |TAMS 0x00000000ce500000, 0x00000000ce500000| Untracked 
|  92|0x00000000ce600000, 0x00000000ce600000, 0x00000000ce700000|  0%| F|  |TAMS 0x00000000ce600000, 0x00000000ce600000| Untracked 
|  93|0x00000000ce700000, 0x00000000ce700000, 0x00000000ce800000|  0%| F|  |TAMS 0x00000000ce700000, 0x00000000ce700000| Untracked 
|  94|0x00000000ce800000, 0x00000000ce800000, 0x00000000ce900000|  0%| F|  |TAMS 0x00000000ce800000, 0x00000000ce800000| Untracked 
|  95|0x00000000ce900000, 0x00000000ce900000, 0x00000000cea00000|  0%| F|  |TAMS 0x00000000ce900000, 0x00000000ce900000| Untracked 
|  96|0x00000000cea00000, 0x00000000cea00000, 0x00000000ceb00000|  0%| F|  |TAMS 0x00000000cea00000, 0x00000000cea00000| Untracked 
|  97|0x00000000ceb00000, 0x00000000ceb00000, 0x00000000cec00000|  0%| F|  |TAMS 0x00000000ceb00000, 0x00000000ceb00000| Untracked 
|  98|0x00000000cec00000, 0x00000000cec00000, 0x00000000ced00000|  0%| F|  |TAMS 0x00000000cec00000, 0x00000000cec00000| Untracked 
|  99|0x00000000ced00000, 0x00000000ced00000, 0x00000000cee00000|  0%| F|  |TAMS 0x00000000ced00000, 0x00000000ced00000| Untracked 
| 100|0x00000000cee00000, 0x00000000cee00000, 0x00000000cef00000|  0%| F|  |TAMS 0x00000000cee00000, 0x00000000cee00000| Untracked 
| 101|0x00000000cef00000, 0x00000000cef00000, 0x00000000cf000000|  0%| F|  |TAMS 0x00000000cef00000, 0x00000000cef00000| Untracked 
| 102|0x00000000cf000000, 0x00000000cf000000, 0x00000000cf100000|  0%| F|  |TAMS 0x00000000cf000000, 0x00000000cf000000| Untracked 
| 103|0x00000000cf100000, 0x00000000cf100000, 0x00000000cf200000|  0%| F|  |TAMS 0x00000000cf100000, 0x00000000cf100000| Untracked 
| 104|0x00000000cf200000, 0x00000000cf200000, 0x00000000cf300000|  0%| F|  |TAMS 0x00000000cf200000, 0x00000000cf200000| Untracked 
| 105|0x00000000cf300000, 0x00000000cf300000, 0x00000000cf400000|  0%| F|  |TAMS 0x00000000cf300000, 0x00000000cf300000| Untracked 
| 106|0x00000000cf400000, 0x00000000cf400000, 0x00000000cf500000|  0%| F|  |TAMS 0x00000000cf400000, 0x00000000cf400000| Untracked 
| 107|0x00000000cf500000, 0x00000000cf500000, 0x00000000cf600000|  0%| F|  |TAMS 0x00000000cf500000, 0x00000000cf500000| Untracked 
| 108|0x00000000cf600000, 0x00000000cf600000, 0x00000000cf700000|  0%| F|  |TAMS 0x00000000cf600000, 0x00000000cf600000| Untracked 
| 109|0x00000000cf700000, 0x00000000cf700000, 0x00000000cf800000|  0%| F|  |TAMS 0x00000000cf700000, 0x00000000cf700000| Untracked 
| 110|0x00000000cf800000, 0x00000000cf800000, 0x00000000cf900000|  0%| F|  |TAMS 0x00000000cf800000, 0x00000000cf800000| Untracked 
| 111|0x00000000cf900000, 0x00000000cf900000, 0x00000000cfa00000|  0%| F|  |TAMS 0x00000000cf900000, 0x00000000cf900000| Untracked 
| 112|0x00000000cfa00000, 0x00000000cfa00000, 0x00000000cfb00000|  0%| F|  |TAMS 0x00000000cfa00000, 0x00000000cfa00000| Untracked 
| 113|0x00000000cfb00000, 0x00000000cfb00000, 0x00000000cfc00000|  0%| F|  |TAMS 0x00000000cfb00000, 0x00000000cfb00000| Untracked 
| 114|0x00000000cfc00000, 0x00000000cfc00000, 0x00000000cfd00000|  0%| F|  |TAMS 0x00000000cfc00000, 0x00000000cfc00000| Untracked 
| 115|0x00000000cfd00000, 0x00000000cfd00000, 0x00000000cfe00000|  0%| F|  |TAMS 0x00000000cfd00000, 0x00000000cfd00000| Untracked 
| 116|0x00000000cfe00000, 0x00000000cfe00000, 0x00000000cff00000|  0%| F|  |TAMS 0x00000000cfe00000, 0x00000000cfe00000| Untracked 
| 117|0x00000000cff00000, 0x00000000cff00000, 0x00000000d0000000|  0%| F|  |TAMS 0x00000000cff00000, 0x00000000cff00000| Untracked 
| 118|0x00000000d0000000, 0x00000000d0000000, 0x00000000d0100000|  0%| F|  |TAMS 0x00000000d0000000, 0x00000000d0000000| Untracked 
| 119|0x00000000d0100000, 0x00000000d01ac940, 0x00000000d0200000| 67%| S|CS|TAMS 0x00000000d0100000, 0x00000000d0100000| Complete 
| 120|0x00000000d0200000, 0x00000000d0300000, 0x00000000d0300000|100%| S|CS|TAMS 0x00000000d0200000, 0x00000000d0200000| Complete 
| 121|0x00000000d0300000, 0x00000000d0300000, 0x00000000d0400000|  0%| F|  |TAMS 0x00000000d0300000, 0x00000000d0300000| Untracked 
| 122|0x00000000d0400000, 0x00000000d0400000, 0x00000000d0500000|  0%| F|  |TAMS 0x00000000d0400000, 0x00000000d0400000| Untracked 
| 123|0x00000000d0500000, 0x00000000d0500000, 0x00000000d0600000|  0%| F|  |TAMS 0x00000000d0500000, 0x00000000d0500000| Untracked 
| 124|0x00000000d0600000, 0x00000000d0600000, 0x00000000d0700000|  0%| F|  |TAMS 0x00000000d0600000, 0x00000000d0600000| Untracked 
| 125|0x00000000d0700000, 0x00000000d0700000, 0x00000000d0800000|  0%| F|  |TAMS 0x00000000d0700000, 0x00000000d0700000| Untracked 
| 126|0x00000000d0800000, 0x00000000d0800000, 0x00000000d0900000|  0%| F|  |TAMS 0x00000000d0800000, 0x00000000d0800000| Untracked 
| 127|0x00000000d0900000, 0x00000000d0900000, 0x00000000d0a00000|  0%| F|  |TAMS 0x00000000d0900000, 0x00000000d0900000| Untracked 
| 128|0x00000000d0a00000, 0x00000000d0a00000, 0x00000000d0b00000|  0%| F|  |TAMS 0x00000000d0a00000, 0x00000000d0a00000| Untracked 
| 129|0x00000000d0b00000, 0x00000000d0b00000, 0x00000000d0c00000|  0%| F|  |TAMS 0x00000000d0b00000, 0x00000000d0b00000| Untracked 
| 130|0x00000000d0c00000, 0x00000000d0c00000, 0x00000000d0d00000|  0%| F|  |TAMS 0x00000000d0c00000, 0x00000000d0c00000| Untracked 
| 131|0x00000000d0d00000, 0x00000000d0d00000, 0x00000000d0e00000|  0%| F|  |TAMS 0x00000000d0d00000, 0x00000000d0d00000| Untracked 
| 132|0x00000000d0e00000, 0x00000000d0e00000, 0x00000000d0f00000|  0%| F|  |TAMS 0x00000000d0e00000, 0x00000000d0e00000| Untracked 
| 133|0x00000000d0f00000, 0x00000000d0f00000, 0x00000000d1000000|  0%| F|  |TAMS 0x00000000d0f00000, 0x00000000d0f00000| Untracked 
| 134|0x00000000d1000000, 0x00000000d1000000, 0x00000000d1100000|  0%| F|  |TAMS 0x00000000d1000000, 0x00000000d1000000| Untracked 
| 135|0x00000000d1100000, 0x00000000d1100000, 0x00000000d1200000|  0%| F|  |TAMS 0x00000000d1100000, 0x00000000d1100000| Untracked 
| 136|0x00000000d1200000, 0x00000000d1200000, 0x00000000d1300000|  0%| F|  |TAMS 0x00000000d1200000, 0x00000000d1200000| Untracked 
| 137|0x00000000d1300000, 0x00000000d1300000, 0x00000000d1400000|  0%| F|  |TAMS 0x00000000d1300000, 0x00000000d1300000| Untracked 
| 138|0x00000000d1400000, 0x00000000d1400000, 0x00000000d1500000|  0%| F|  |TAMS 0x00000000d1400000, 0x00000000d1400000| Untracked 
| 139|0x00000000d1500000, 0x00000000d1500000, 0x00000000d1600000|  0%| F|  |TAMS 0x00000000d1500000, 0x00000000d1500000| Untracked 
| 140|0x00000000d1600000, 0x00000000d1600000, 0x00000000d1700000|  0%| F|  |TAMS 0x00000000d1600000, 0x00000000d1600000| Untracked 
| 141|0x00000000d1700000, 0x00000000d1800000, 0x00000000d1800000|100%| E|  |TAMS 0x00000000d1700000, 0x00000000d1700000| Complete 
| 142|0x00000000d1800000, 0x00000000d1900000, 0x00000000d1900000|100%| E|CS|TAMS 0x00000000d1800000, 0x00000000d1800000| Complete 
| 143|0x00000000d1900000, 0x00000000d1a00000, 0x00000000d1a00000|100%| E|CS|TAMS 0x00000000d1900000, 0x00000000d1900000| Complete 
| 144|0x00000000d1a00000, 0x00000000d1b00000, 0x00000000d1b00000|100%| E|CS|TAMS 0x00000000d1a00000, 0x00000000d1a00000| Complete 
| 145|0x00000000d1b00000, 0x00000000d1c00000, 0x00000000d1c00000|100%| E|CS|TAMS 0x00000000d1b00000, 0x00000000d1b00000| Complete 
| 146|0x00000000d1c00000, 0x00000000d1d00000, 0x00000000d1d00000|100%| E|CS|TAMS 0x00000000d1c00000, 0x00000000d1c00000| Complete 
| 147|0x00000000d1d00000, 0x00000000d1e00000, 0x00000000d1e00000|100%| E|CS|TAMS 0x00000000d1d00000, 0x00000000d1d00000| Complete 
| 148|0x00000000d1e00000, 0x00000000d1f00000, 0x00000000d1f00000|100%| E|CS|TAMS 0x00000000d1e00000, 0x00000000d1e00000| Complete 

Card table byte_map: [0x00000268f2700000,0x00000268f28c0000] _byte_map_base: 0x00000268f20bb000

Marking Bits (Prev, Next): (CMBitMap*) 0x00000268df016bb0, (CMBitMap*) 0x00000268df016b78
 Prev Bits: [0x00000268f3860000, 0x00000268f4638000)
 Next Bits: [0x00000268f2a80000, 0x00000268f3858000)

Polling page: 0x00000268dd770000

Metaspace:

Usage:
  Non-class:     52.92 MB capacity,    52.49 MB (>99%) used,   350.00 KB ( <1%) free+waste,    95.63 KB ( <1%) overhead. 
      Class:      6.75 MB capacity,     6.46 MB ( 96%) used,   253.34 KB (  4%) free+waste,    40.56 KB ( <1%) overhead. 
       Both:     59.67 MB capacity,    58.94 MB ( 99%) used,   603.34 KB ( <1%) free+waste,   136.19 KB ( <1%) overhead. 

Virtual space:
  Non-class space:       54.00 MB reserved,      53.00 MB ( 98%) committed 
      Class space:        1.00 GB reserved,       6.75 MB ( <1%) committed 
             Both:        1.05 GB reserved,      59.75 MB (  6%) committed 

Chunk freelists:
   Non-Class:  16.00 KB
       Class:  5.00 KB
        Both:  21.00 KB

MaxMetaspaceSize: 17179869184.00 GB
CompressedClassSpaceSize: 1.00 GB

CodeHeap 'non-profiled nmethods': size=120000Kb used=3487Kb max_used=3487Kb free=116512Kb
 bounds [0x00000268ea5b0000, 0x00000268ea920000, 0x00000268f1ae0000]
CodeHeap 'profiled nmethods': size=120000Kb used=21191Kb max_used=21191Kb free=98808Kb
 bounds [0x00000268e3080000, 0x00000268e4540000, 0x00000268ea5b0000]
CodeHeap 'non-nmethods': size=5760Kb used=1211Kb max_used=1255Kb free=4548Kb
 bounds [0x00000268e2ae0000, 0x00000268e2d50000, 0x00000268e3080000]
 total_blobs=9624 nmethods=9052 adapters=480
 compilation: enabled
              stopped_count=0, restarted_count=0
 full_count=0

Compilation events (20 events):
Event: 22.407 Thread 0x00000268f78a3800 9221       2       org.jetbrains.kotlin.types.AbstractTypeChecker::collectAllSupertypesWithGivenTypeConstructor (643 bytes)
Event: 22.413 Thread 0x00000268f78a3800 nmethod 9221 0x00000268e4508a10 code [0x00000268e4508f60, 0x00000268e450a698]
Event: 22.413 Thread 0x00000268f78a3800 9224       1       org.jetbrains.kotlin.descriptors.impl.TypeAliasConstructorDescriptorImpl::getTypeAliasDescriptor (5 bytes)
Event: 22.414 Thread 0x00000268f78a3800 nmethod 9224 0x00000268ea916990 code [0x00000268ea916b40, 0x00000268ea916bf8]
Event: 22.414 Thread 0x00000268f78a3800 9225       2       kotlin.collections.MapsKt__MapsKt::toMap (138 bytes)
Event: 22.417 Thread 0x00000268f78a3800 nmethod 9225 0x00000268e450b810 code [0x00000268e450bbc0, 0x00000268e450c908]
Event: 22.417 Thread 0x00000268f78a3800 9229       2       org.jetbrains.kotlin.types.DisjointKeysUnionTypeSubstitution::get (32 bytes)
Event: 22.418 Thread 0x00000268f78a3800 nmethod 9229 0x00000268e450d090 code [0x00000268e450d2a0, 0x00000268e450d598]
Event: 22.418 Thread 0x00000268f78a3800 9231       2       org.jetbrains.kotlin.resolve.TemporaryBindingTrace::<init> (29 bytes)
Event: 22.418 Thread 0x00000268f78a3800 nmethod 9231 0x00000268e450d790 code [0x00000268e450d960, 0x00000268e450db48]
Event: 22.418 Thread 0x00000268f78a3800 9222       2       org.jetbrains.kotlin.types.AbstractTypeChecker::selectOnlyPureKotlinSupertypes (275 bytes)
Event: 22.420 Thread 0x00000268f78a3800 nmethod 9222 0x00000268e450dc90 code [0x00000268e450df20, 0x00000268e450e778]
Event: 22.420 Thread 0x00000268f78a3800 9232       2       org.jetbrains.kotlin.types.TypeApproximator::approximateToSuperType (25 bytes)
Event: 22.422 Thread 0x00000268f78a3800 nmethod 9232 0x00000268e450ee90 code [0x00000268e450f1c0, 0x00000268e450fb18]
Event: 22.422 Thread 0x00000268f78a3800 9223       1       org.jetbrains.kotlin.builtins.PrimitiveType::getTypeName (5 bytes)
Event: 22.422 Thread 0x00000268f78a3800 nmethod 9223 0x00000268ea916c90 code [0x00000268ea916e40, 0x00000268ea916ef8]
Event: 22.422 Thread 0x00000268f78a3800 9227       1       org.jetbrains.kotlin.descriptors.impl.AbstractTypeAliasDescriptor::getVisibility (5 bytes)
Event: 22.422 Thread 0x00000268f78a3800 nmethod 9227 0x00000268ea916f90 code [0x00000268ea917140, 0x00000268ea9171f8]
Event: 22.422 Thread 0x00000268f78a3800 9226       1       org.jetbrains.kotlin.descriptors.impl.AbstractTypeAliasDescriptor::isExpect (2 bytes)
Event: 22.423 Thread 0x00000268f78a3800 nmethod 9226 0x00000268ea917290 code [0x00000268ea917440, 0x00000268ea9174f8]

GC Heap History (20 events):
Event: 18.323 GC heap before
{Heap before GC invocations=29 (full 0):
 garbage-first heap   total 83968K, used 64916K [0x00000000c8a00000, 0x0000000100000000)
  region size 1024K, 15 young (15360K), 2 survivors (2048K)
 Metaspace       used 55529K, capacity 56236K, committed 56448K, reserved 1099776K
  class space    used 6247K, capacity 6486K, committed 6528K, reserved 1048576K
}
Event: 18.348 GC heap after
{Heap after GC invocations=30 (full 0):
 garbage-first heap   total 101376K, used 54942K [0x00000000c8a00000, 0x0000000100000000)
  region size 1024K, 2 young (2048K), 2 survivors (2048K)
 Metaspace       used 55529K, capacity 56236K, committed 56448K, reserved 1099776K
  class space    used 6247K, capacity 6486K, committed 6528K, reserved 1048576K
}
Event: 18.803 GC heap before
{Heap before GC invocations=30 (full 0):
 garbage-first heap   total 101376K, used 72350K [0x00000000c8a00000, 0x0000000100000000)
  region size 1024K, 19 young (19456K), 2 survivors (2048K)
 Metaspace       used 56373K, capacity 57089K, committed 57344K, reserved 1099776K
  class space    used 6297K, capacity 6556K, committed 6656K, reserved 1048576K
}
Event: 18.826 GC heap after
{Heap after GC invocations=31 (full 0):
 garbage-first heap   total 101376K, used 58633K [0x00000000c8a00000, 0x0000000100000000)
  region size 1024K, 3 young (3072K), 3 survivors (3072K)
 Metaspace       used 56373K, capacity 57089K, committed 57344K, reserved 1099776K
  class space    used 6297K, capacity 6556K, committed 6656K, reserved 1048576K
}
Event: 19.249 GC heap before
{Heap before GC invocations=32 (full 0):
 garbage-first heap   total 101376K, used 75017K [0x00000000c8a00000, 0x0000000100000000)
  region size 1024K, 19 young (19456K), 3 survivors (3072K)
 Metaspace       used 56597K, capacity 57283K, committed 57600K, reserved 1099776K
  class space    used 6306K, capacity 6556K, committed 6656K, reserved 1048576K
}
Event: 19.272 GC heap after
{Heap after GC invocations=33 (full 0):
 garbage-first heap   total 101376K, used 61940K [0x00000000c8a00000, 0x0000000100000000)
  region size 1024K, 3 young (3072K), 3 survivors (3072K)
 Metaspace       used 56597K, capacity 57283K, committed 57600K, reserved 1099776K
  class space    used 6306K, capacity 6556K, committed 6656K, reserved 1048576K
}
Event: 19.519 GC heap before
{Heap before GC invocations=33 (full 0):
 garbage-first heap   total 101376K, used 77300K [0x00000000c8a00000, 0x0000000100000000)
  region size 1024K, 18 young (18432K), 3 survivors (3072K)
 Metaspace       used 56788K, capacity 57454K, committed 57600K, reserved 1099776K
  class space    used 6322K, capacity 6592K, committed 6656K, reserved 1048576K
}
Event: 19.547 GC heap after
{Heap after GC invocations=34 (full 0):
 garbage-first heap   total 101376K, used 64635K [0x00000000c8a00000, 0x0000000100000000)
  region size 1024K, 3 young (3072K), 3 survivors (3072K)
 Metaspace       used 56788K, capacity 57454K, committed 57600K, reserved 1099776K
  class space    used 6322K, capacity 6592K, committed 6656K, reserved 1048576K
}
Event: 19.781 GC heap before
{Heap before GC invocations=34 (full 0):
 garbage-first heap   total 101376K, used 78971K [0x00000000c8a00000, 0x0000000100000000)
  region size 1024K, 17 young (17408K), 3 survivors (3072K)
 Metaspace       used 56856K, capacity 57518K, committed 57600K, reserved 1099776K
  class space    used 6323K, capacity 6592K, committed 6656K, reserved 1048576K
}
Event: 19.808 GC heap after
{Heap after GC invocations=35 (full 0):
 garbage-first heap   total 126976K, used 67368K [0x00000000c8a00000, 0x0000000100000000)
  region size 1024K, 3 young (3072K), 3 survivors (3072K)
 Metaspace       used 56856K, capacity 57518K, committed 57600K, reserved 1099776K
  class space    used 6323K, capacity 6592K, committed 6656K, reserved 1048576K
}
Event: 20.007 GC heap before
{Heap before GC invocations=36 (full 0):
 garbage-first heap   total 126976K, used 88872K [0x00000000c8a00000, 0x0000000100000000)
  region size 1024K, 24 young (24576K), 3 survivors (3072K)
 Metaspace       used 56907K, capacity 57582K, committed 57856K, reserved 1099776K
  class space    used 6323K, capacity 6592K, committed 6656K, reserved 1048576K
}
Event: 20.027 GC heap after
{Heap after GC invocations=37 (full 0):
 garbage-first heap   total 126976K, used 71173K [0x00000000c8a00000, 0x0000000100000000)
  region size 1024K, 3 young (3072K), 3 survivors (3072K)
 Metaspace       used 56907K, capacity 57582K, committed 57856K, reserved 1099776K
  class space    used 6323K, capacity 6592K, committed 6656K, reserved 1048576K
}
Event: 20.151 GC heap before
{Heap before GC invocations=37 (full 0):
 garbage-first heap   total 126976K, used 92677K [0x00000000c8a00000, 0x0000000100000000)
  region size 1024K, 24 young (24576K), 3 survivors (3072K)
 Metaspace       used 56920K, capacity 57582K, committed 57856K, reserved 1099776K
  class space    used 6323K, capacity 6592K, committed 6656K, reserved 1048576K
}
Event: 20.169 GC heap after
{Heap after GC invocations=38 (full 0):
 garbage-first heap   total 126976K, used 75046K [0x00000000c8a00000, 0x0000000100000000)
  region size 1024K, 3 young (3072K), 3 survivors (3072K)
 Metaspace       used 56920K, capacity 57582K, committed 57856K, reserved 1099776K
  class space    used 6323K, capacity 6592K, committed 6656K, reserved 1048576K
}
Event: 20.768 GC heap before
{Heap before GC invocations=39 (full 0):
 garbage-first heap   total 126976K, used 95526K [0x00000000c8a00000, 0x0000000100000000)
  region size 1024K, 23 young (23552K), 3 survivors (3072K)
 Metaspace       used 58297K, capacity 59023K, committed 59392K, reserved 1101824K
  class space    used 6507K, capacity 6795K, committed 6912K, reserved 1048576K
}
Event: 20.787 GC heap after
{Heap after GC invocations=40 (full 0):
 garbage-first heap   total 126976K, used 78172K [0x00000000c8a00000, 0x0000000100000000)
  region size 1024K, 3 young (3072K), 3 survivors (3072K)
 Metaspace       used 58297K, capacity 59023K, committed 59392K, reserved 1101824K
  class space    used 6507K, capacity 6795K, committed 6912K, reserved 1048576K
}
Event: 21.269 GC heap before
{Heap before GC invocations=40 (full 0):
 garbage-first heap   total 126976K, used 98652K [0x00000000c8a00000, 0x0000000100000000)
  region size 1024K, 23 young (23552K), 3 survivors (3072K)
 Metaspace       used 58790K, capacity 59474K, committed 59648K, reserved 1101824K
  class space    used 6511K, capacity 6795K, committed 6912K, reserved 1048576K
}
Event: 21.282 GC heap after
{Heap after GC invocations=41 (full 0):
 garbage-first heap   total 152576K, used 79152K [0x00000000c8a00000, 0x0000000100000000)
  region size 1024K, 1 young (1024K), 1 survivors (1024K)
 Metaspace       used 58790K, capacity 59474K, committed 59648K, reserved 1101824K
  class space    used 6511K, capacity 6795K, committed 6912K, reserved 1048576K
}
Event: 22.149 GC heap before
{Heap before GC invocations=42 (full 0):
 garbage-first heap   total 152576K, used 107824K [0x00000000c8a00000, 0x0000000100000000)
  region size 1024K, 29 young (29696K), 1 survivors (1024K)
 Metaspace       used 59934K, capacity 60688K, committed 60928K, reserved 1103872K
  class space    used 6598K, capacity 6902K, committed 6912K, reserved 1048576K
}
Event: 22.159 GC heap after
{Heap after GC invocations=43 (full 0):
 garbage-first heap   total 152576K, used 79842K [0x00000000c8a00000, 0x0000000100000000)
  region size 1024K, 2 young (2048K), 2 survivors (2048K)
 Metaspace       used 59934K, capacity 60688K, committed 60928K, reserved 1103872K
  class space    used 6598K, capacity 6902K, committed 6912K, reserved 1048576K
}

Deoptimization events (20 events):
Event: 22.403 Thread 0x00000268defeb000 Uncommon trap: trap_request=0xffffffc6 fr.pc=0x00000268ea8fb060 relative=0x0000000000002c00
Event: 22.403 Thread 0x00000268defeb000 Uncommon trap: reason=bimorphic_or_optimized_type_check action=maybe_recompile pc=0x00000268ea8fb060 method=org.jetbrains.kotlin.types.DescriptorSubstitutor.substituteTypeParameters(Ljava/util/List;Lorg/jetbrains/kotlin/types/TypeSubstitution;Lorg/jetbrai
Event: 22.403 Thread 0x00000268defeb000 DEOPT PACKING pc=0x00000268ea8fb060 sp=0x000000b3e6dfc130
Event: 22.403 Thread 0x00000268defeb000 DEOPT UNPACKING pc=0x00000268e2b078af sp=0x000000b3e6dfc120 mode 2
Event: 22.403 Thread 0x00000268defeb000 Uncommon trap: trap_request=0xffffffde fr.pc=0x00000268ea8fb398 relative=0x0000000000002f38
Event: 22.403 Thread 0x00000268defeb000 Uncommon trap: reason=class_check action=maybe_recompile pc=0x00000268ea8fb398 method=org.jetbrains.kotlin.types.DescriptorSubstitutor.substituteTypeParameters(Ljava/util/List;Lorg/jetbrains/kotlin/types/TypeSubstitution;Lorg/jetbrains/kotlin/descriptors/
Event: 22.403 Thread 0x00000268defeb000 DEOPT PACKING pc=0x00000268ea8fb398 sp=0x000000b3e6dfc130
Event: 22.403 Thread 0x00000268defeb000 DEOPT UNPACKING pc=0x00000268e2b078af sp=0x000000b3e6dfc128 mode 2
Event: 22.403 Thread 0x00000268defeb000 Uncommon trap: trap_request=0xffffffde fr.pc=0x00000268ea8fb398 relative=0x0000000000002f38
Event: 22.403 Thread 0x00000268defeb000 Uncommon trap: reason=class_check action=maybe_recompile pc=0x00000268ea8fb398 method=org.jetbrains.kotlin.types.DescriptorSubstitutor.substituteTypeParameters(Ljava/util/List;Lorg/jetbrains/kotlin/types/TypeSubstitution;Lorg/jetbrains/kotlin/descriptors/
Event: 22.403 Thread 0x00000268defeb000 DEOPT PACKING pc=0x00000268ea8fb398 sp=0x000000b3e6dfc120
Event: 22.403 Thread 0x00000268defeb000 DEOPT UNPACKING pc=0x00000268e2b078af sp=0x000000b3e6dfc118 mode 2
Event: 22.404 Thread 0x00000268defeb000 Uncommon trap: trap_request=0xffffffde fr.pc=0x00000268ea8e7fb0 relative=0x0000000000000090
Event: 22.404 Thread 0x00000268defeb000 Uncommon trap: reason=class_check action=maybe_recompile pc=0x00000268ea8e7fb0 method=org.jetbrains.kotlin.resolve.source.KotlinSourceElementKt.getPsi(Lorg/jetbrains/kotlin/descriptors/SourceElement;)Lorg/jetbrains/kotlin/com/intellij/psi/PsiElement; @ 7 
Event: 22.404 Thread 0x00000268defeb000 DEOPT PACKING pc=0x00000268ea8e7fb0 sp=0x000000b3e6dfc7e0
Event: 22.404 Thread 0x00000268defeb000 DEOPT UNPACKING pc=0x00000268e2b078af sp=0x000000b3e6dfc778 mode 2
Event: 22.404 Thread 0x00000268defeb000 Uncommon trap: trap_request=0xffffffde fr.pc=0x00000268ea8e7fb0 relative=0x0000000000000090
Event: 22.404 Thread 0x00000268defeb000 Uncommon trap: reason=class_check action=maybe_recompile pc=0x00000268ea8e7fb0 method=org.jetbrains.kotlin.resolve.source.KotlinSourceElementKt.getPsi(Lorg/jetbrains/kotlin/descriptors/SourceElement;)Lorg/jetbrains/kotlin/com/intellij/psi/PsiElement; @ 7 
Event: 22.404 Thread 0x00000268defeb000 DEOPT PACKING pc=0x00000268ea8e7fb0 sp=0x000000b3e6dfc7e0
Event: 22.404 Thread 0x00000268defeb000 DEOPT UNPACKING pc=0x00000268e2b078af sp=0x000000b3e6dfc778 mode 2

Classes redefined (0 events):
No events

Internal exceptions (20 events):
Event: 20.538 Thread 0x00000268defeb000 Implicit null exception at 0x00000268ea6eaacc to 0x00000268ea6eaba8
Event: 20.665 Thread 0x00000268defeb000 Implicit null exception at 0x00000268ea763c91 to 0x00000268ea764ae0
Event: 21.768 Thread 0x00000268defeb000 Exception <a 'java/lang/NoSuchMethodError'{0x00000000d07a1908}: 'java.lang.Object java.lang.invoke.Invokers$Holder.linkToTargetMethod(java.lang.Object, java.lang.Object, java.lang.Object, int, int, java.lang.Object)'> (0x00000000d07a1908) thrown at [./src/hotspot/share/interpreter/linkResolver.cpp, line 773]
Event: 22.057 Thread 0x00000268defeb000 Implicit null exception at 0x00000268ea846374 to 0x00000268ea84a3d8
Event: 22.057 Thread 0x00000268defeb000 Implicit null exception at 0x00000268ea846374 to 0x00000268ea84a3d8
Event: 22.057 Thread 0x00000268defeb000 Implicit null exception at 0x00000268ea846374 to 0x00000268ea84a3d8
Event: 22.057 Thread 0x00000268defeb000 Implicit null exception at 0x00000268ea846374 to 0x00000268ea84a3d8
Event: 22.057 Thread 0x00000268defeb000 Implicit null exception at 0x00000268ea846374 to 0x00000268ea84a3d8
Event: 22.057 Thread 0x00000268defeb000 Implicit null exception at 0x00000268ea846374 to 0x00000268ea84a3d8
Event: 22.057 Thread 0x00000268defeb000 Implicit null exception at 0x00000268ea846374 to 0x00000268ea84a3d8
Event: 22.057 Thread 0x00000268defeb000 Implicit null exception at 0x00000268ea846374 to 0x00000268ea84a3d8
Event: 22.057 Thread 0x00000268defeb000 Implicit null exception at 0x00000268ea846374 to 0x00000268ea84a3d8
Event: 22.057 Thread 0x00000268defeb000 Implicit null exception at 0x00000268ea846374 to 0x00000268ea84a3d8
Event: 22.057 Thread 0x00000268defeb000 Implicit null exception at 0x00000268ea846374 to 0x00000268ea84a3d8
Event: 22.057 Thread 0x00000268defeb000 Implicit null exception at 0x00000268ea846374 to 0x00000268ea84a3d8
Event: 22.057 Thread 0x00000268defeb000 Implicit null exception at 0x00000268ea7c03d2 to 0x00000268ea7c4960
Event: 22.072 Thread 0x00000268defeb000 Implicit null exception at 0x00000268ea76b874 to 0x00000268ea76c47c
Event: 22.117 Thread 0x00000268defeb000 Exception <a 'java/lang/NoSuchMethodError'{0x00000000d03424a0}: 'java.lang.Object java.lang.invoke.DirectMethodHandle$Holder.invokeInterface(java.lang.Object, java.lang.Object, java.lang.Object)'> (0x00000000d03424a0) thrown at [./src/hotspot/share/interpreter/linkResolver.cpp, line 773]
Event: 22.117 Thread 0x00000268defeb000 Exception <a 'java/lang/IncompatibleClassChangeError'{0x00000000d03456d0}: Found class java.lang.Object, but interface was expected> (0x00000000d03456d0) thrown at [./src/hotspot/share/interpreter/linkResolver.cpp, line 839]
Event: 22.370 Thread 0x00000268defeb000 Exception <a 'java/lang/NoSuchMethodError'{0x00000000d1a5c8c8}: 'int java.lang.invoke.DirectMethodHandle$Holder.invokeStaticInit(java.lang.Object, int)'> (0x00000000d1a5c8c8) thrown at [./src/hotspot/share/interpreter/linkResolver.cpp, line 773]

Events (20 events):
Event: 22.376 loading class org/jetbrains/kotlin/resolve/constants/IntegerLiteralTypeConstructor$valueToString$1
Event: 22.376 loading class org/jetbrains/kotlin/resolve/constants/IntegerLiteralTypeConstructor$valueToString$1 done
Event: 22.391 loading class org/jetbrains/kotlin/resolve/calls/tower/SimpleTypeArgumentImpl
Event: 22.391 loading class org/jetbrains/kotlin/resolve/calls/tower/SimpleTypeArgumentImpl done
Event: 22.391 loading class org/jetbrains/kotlin/resolve/calls/model/SimpleTypeArgument
Event: 22.391 loading class org/jetbrains/kotlin/resolve/calls/model/SimpleTypeArgument done
Event: 22.391 loading class org/jetbrains/kotlin/resolve/calls/model/TypeArgument
Event: 22.391 loading class org/jetbrains/kotlin/resolve/calls/model/TypeArgument done
Event: 22.394 loading class org/jetbrains/kotlin/resolve/calls/components/TypeArgumentsToParametersMapper$TypeArgumentsMapping$TypeArgumentsMappingImpl
Event: 22.394 loading class org/jetbrains/kotlin/resolve/calls/components/TypeArgumentsToParametersMapper$TypeArgumentsMapping$TypeArgumentsMappingImpl done
Event: 22.395 loading class org/jetbrains/kotlin/resolve/calls/inference/model/ExplicitTypeParameterConstraintPositionImpl
Event: 22.395 loading class org/jetbrains/kotlin/resolve/calls/inference/model/ExplicitTypeParameterConstraintPositionImpl done
Event: 22.395 loading class org/jetbrains/kotlin/resolve/calls/inference/model/ExplicitTypeParameterConstraintPosition
Event: 22.395 loading class org/jetbrains/kotlin/resolve/calls/inference/model/ExplicitTypeParameterConstraintPosition done
Event: 22.396 loading class org/jetbrains/kotlin/resolve/calls/components/CollectionTypeVariableUsagesInfo$getDependentTypeParameters$dependentTypeParameters$1
Event: 22.396 loading class org/jetbrains/kotlin/resolve/calls/components/CollectionTypeVariableUsagesInfo$getDependentTypeParameters$dependentTypeParameters$1 done
Event: 22.397 loading class kotlin/sequences/SequencesKt___SequencesKt$flatMap$1
Event: 22.397 loading class kotlin/sequences/SequencesKt___SequencesKt$flatMap$1 done
Event: 22.397 loading class org/jetbrains/kotlin/resolve/calls/components/CollectionTypeVariableUsagesInfo$getDependentTypeParameters$dependentTypeParameters$2
Event: 22.397 loading class org/jetbrains/kotlin/resolve/calls/components/CollectionTypeVariableUsagesInfo$getDependentTypeParameters$dependentTypeParameters$2 done


Dynamic libraries:
0x00007ff7e31d0000 - 0x00007ff7e31da000 	C:\Program Files\Android\Android Studio\jre\bin\java.exe
0x00007ffdfcc90000 - 0x00007ffdfce85000 	C:\WINDOWS\SYSTEM32\ntdll.dll
0x00007ffdfc120000 - 0x00007ffdfc1de000 	C:\WINDOWS\System32\KERNEL32.DLL
0x00007ffdfa9d0000 - 0x00007ffdfac98000 	C:\WINDOWS\System32\KERNELBASE.dll
0x00007ffdfa8d0000 - 0x00007ffdfa9d0000 	C:\WINDOWS\System32\ucrtbase.dll
0x00007ffdecf30000 - 0x00007ffdecf47000 	C:\Program Files\Android\Android Studio\jre\bin\VCRUNTIME140.dll
0x00007ffdeda60000 - 0x00007ffdeda79000 	C:\Program Files\Android\Android Studio\jre\bin\jli.dll
0x00007ffdfb010000 - 0x00007ffdfb1b1000 	C:\WINDOWS\System32\USER32.dll
0x00007ffdfaca0000 - 0x00007ffdfacc2000 	C:\WINDOWS\System32\win32u.dll
0x00007ffdfbd90000 - 0x00007ffdfbdbb000 	C:\WINDOWS\System32\GDI32.dll
0x00007ffdfa4a0000 - 0x00007ffdfa5ad000 	C:\WINDOWS\System32\gdi32full.dll
0x00007ffdfa400000 - 0x00007ffdfa49d000 	C:\WINDOWS\System32\msvcp_win.dll
0x00007ffdeaa00000 - 0x00007ffdeac9a000 	C:\WINDOWS\WinSxS\amd64_microsoft.windows.common-controls_6595b64144ccf1df_6.0.19041.1110_none_60b5254171f9507e\COMCTL32.dll
0x00007ffdfb6b0000 - 0x00007ffdfb74e000 	C:\WINDOWS\System32\msvcrt.dll
0x00007ffdfb1d0000 - 0x00007ffdfb200000 	C:\WINDOWS\System32\IMM32.DLL
0x00007ffdb27c0000 - 0x00007ffdb285d000 	C:\Program Files\Android\Android Studio\jre\bin\msvcp140.dll
0x00007ffdbf0f0000 - 0x00007ffdbfbbf000 	C:\Program Files\Android\Android Studio\jre\bin\server\jvm.dll
0x00007ffdfb790000 - 0x00007ffdfb83c000 	C:\WINDOWS\System32\ADVAPI32.dll
0x00007ffdfb3c0000 - 0x00007ffdfb45b000 	C:\WINDOWS\System32\sechost.dll
0x00007ffdfb580000 - 0x00007ffdfb6aa000 	C:\WINDOWS\System32\RPCRT4.dll
0x00007ffdfb780000 - 0x00007ffdfb788000 	C:\WINDOWS\System32\PSAPI.DLL
0x00007ffdd7f10000 - 0x00007ffdd7f19000 	C:\WINDOWS\SYSTEM32\WSOCK32.dll
0x00007ffdeffe0000 - 0x00007ffdf0007000 	C:\WINDOWS\SYSTEM32\WINMM.dll
0x00007ffdf8b20000 - 0x00007ffdf8b2a000 	C:\WINDOWS\SYSTEM32\VERSION.dll
0x00007ffdfb840000 - 0x00007ffdfb8ab000 	C:\WINDOWS\System32\WS2_32.dll
0x00007ffdf8c20000 - 0x00007ffdf8c32000 	C:\WINDOWS\SYSTEM32\kernel.appcore.dll
0x00007ffdc5620000 - 0x00007ffdc5631000 	C:\Program Files\Android\Android Studio\jre\bin\verify.dll
0x00007ffdf6a40000 - 0x00007ffdf6c24000 	C:\WINDOWS\SYSTEM32\DBGHELP.DLL
0x00007ffdea780000 - 0x00007ffdea7ac000 	C:\WINDOWS\SYSTEM32\dbgcore.DLL
0x00007ffdfa690000 - 0x00007ffdfa712000 	C:\WINDOWS\System32\bcryptPrimitives.dll
0x00007ffdbf0c0000 - 0x00007ffdbf0e9000 	C:\Program Files\Android\Android Studio\jre\bin\java.dll
0x00007ffdd7db0000 - 0x00007ffdd7dbb000 	C:\Program Files\Android\Android Studio\jre\bin\jimage.dll
0x00007ffdbf0a0000 - 0x00007ffdbf0b8000 	C:\Program Files\Android\Android Studio\jre\bin\zip.dll
0x00007ffdfc4a0000 - 0x00007ffdfcbe4000 	C:\WINDOWS\System32\SHELL32.dll
0x00007ffdf82d0000 - 0x00007ffdf8a64000 	C:\WINDOWS\SYSTEM32\windows.storage.dll
0x00007ffdfbdc0000 - 0x00007ffdfc115000 	C:\WINDOWS\System32\combase.dll
0x00007ffdf9d20000 - 0x00007ffdf9d4e000 	C:\WINDOWS\SYSTEM32\Wldp.dll
0x00007ffdfc260000 - 0x00007ffdfc30d000 	C:\WINDOWS\System32\SHCORE.dll
0x00007ffdfb8b0000 - 0x00007ffdfb905000 	C:\WINDOWS\System32\shlwapi.dll
0x00007ffdfa2e0000 - 0x00007ffdfa2ff000 	C:\WINDOWS\SYSTEM32\profapi.dll
0x00007ffdbf080000 - 0x00007ffdbf09a000 	C:\Program Files\Android\Android Studio\jre\bin\net.dll
0x00007ffdede40000 - 0x00007ffdedf4c000 	C:\WINDOWS\SYSTEM32\WINHTTP.dll
0x00007ffdf9a80000 - 0x00007ffdf9aea000 	C:\WINDOWS\system32\mswsock.dll
0x00007ffdbf060000 - 0x00007ffdbf074000 	C:\Program Files\Android\Android Studio\jre\bin\nio.dll

dbghelp: loaded successfully - version: 4.0.5 - missing functions: none
symbol engine: initialized successfully - sym options: 0x614 - pdb path: .;C:\Program Files\Android\Android Studio\jre\bin;C:\WINDOWS\SYSTEM32;C:\WINDOWS\WinSxS\amd64_microsoft.windows.common-controls_6595b64144ccf1df_6.0.19041.1110_none_60b5254171f9507e;C:\Program Files\Android\Android Studio\jre\bin\server

VM Arguments:
java_command: org.jetbrains.kotlin.cli.jvm.K2JVMCompiler @D:\Mk Semester 7\Android\TAspesialisBangunan\app\build\20211225_15307958778767871846.compiler.options
java_class_path (initial): C:\Users\ILHAM\.gradle\caches\modules-2\files-2.1\org.jetbrains.kotlin\kotlin-compiler-embeddable\1.5.20\1900e8b9aca0a9caffd45b99b36e3720a0a284f8\kotlin-compiler-embeddable-1.5.20.jar;C:\Users\ILHAM\.gradle\caches\modules-2\files-2.1\org.jetbrains.kotlin\kotlin-reflect\1.5.20\63810951f09a27f7827977f1bc21094042a915e\kotlin-reflect-1.5.20.jar;C:\Users\ILHAM\.gradle\caches\modules-2\files-2.1\org.jetbrains.kotlin\kotlin-stdlib\1.5.20\9de35cc611bcecec8edce1d56d8e659953806751\kotlin-stdlib-1.5.20.jar;C:\Users\ILHAM\.gradle\caches\modules-2\files-2.1\org.jetbrains.kotlin\kotlin-script-runtime\1.5.20\4381bb58d37b84d4d1afe55ec35542dd9b77e101\kotlin-script-runtime-1.5.20.jar;C:\Users\ILHAM\.gradle\caches\modules-2\files-2.1\org.jetbrains.kotlin\kotlin-daemon-embeddable\1.5.20\36c38cda019834dcd2959cc33a12768adcd94256\kotlin-daemon-embeddable-1.5.20.jar;C:\Users\ILHAM\.gradle\caches\modules-2\files-2.1\org.jetbrains.intellij.deps\trove4j\1.0.20181211\216c2e14b070f334479d800987affe4054cd563f\trove4j-1.0.20181211.jar;C:\Users\ILHAM\.gradle\caches\modules-2\files-2.1\org.jetbrains\annotations\13.0\919f0dfe192fb4e063e7dacadee7f8bb9a2672a9\annotations-13.0.jar;C:\Users\ILHAM\.gradle\caches\modules-2\files-2.1\org.jetbrains.kotlin\kotlin-stdlib-common\1.5.20\3d79dbd48bf605f4aac1e7028981a1953e245cbb\kotlin-stdlib-common-1.5.20.jar
Launcher Type: SUN_STANDARD

[Global flags]
     intx CICompilerCount                          = 4                                         {product} {ergonomic}
     uint ConcGCThreads                            = 2                                         {product} {ergonomic}
     uint G1ConcRefinementThreads                  = 8                                         {product} {ergonomic}
   size_t G1HeapRegionSize                         = 1048576                                   {product} {ergonomic}
    uintx GCDrainStackTargetSize                   = 64                                        {product} {ergonomic}
   size_t InitialHeapSize                          = 58720256                                  {product} {ergonomic}
   size_t MarkStackSize                            = 4194304                                   {product} {ergonomic}
   size_t MaxHeapSize                              = 929038336                                 {product} {ergonomic}
   size_t MaxNewSize                               = 556793856                                 {product} {ergonomic}
   size_t MinHeapDeltaBytes                        = 1048576                                   {product} {ergonomic}
    uintx NonNMethodCodeHeapSize                   = 5836300                                {pd product} {ergonomic}
    uintx NonProfiledCodeHeapSize                  = 122910970                              {pd product} {ergonomic}
    uintx ProfiledCodeHeapSize                     = 122910970                              {pd product} {ergonomic}
    uintx ReservedCodeCacheSize                    = 251658240                              {pd product} {ergonomic}
     bool SegmentedCodeCache                       = true                                      {product} {ergonomic}
     bool UseCompressedClassPointers               = true                                 {lp64_product} {ergonomic}
     bool UseCompressedOops                        = true                                 {lp64_product} {ergonomic}
     bool UseG1GC                                  = true                                      {product} {ergonomic}
     bool UseLargePagesIndividualAllocation        = false                                  {pd product} {ergonomic}

Logging:
Log output configuration:
 #0: stdout all=warning uptime,level,tags
 #1: stderr all=off uptime,level,tags

Environment Variables:
PATH=C:\ProgramData\Oracle\Java\javapath;C:\WINDOWS\system32;C:\WINDOWS;C:\WINDOWS\System32\Wbem;C:\WINDOWS\System32\WindowsPowerShell\v1.0\;C:\WINDOWS\System32\OpenSSH\;C:\Program Files\Git\cmd;C:\xampp2\php;C:\composer;C:\ProgramData\ComposerSetup\bin;C:\Program Files\nodejs\;C:\Program Files\mingw-w64\x86_64-8.1.0-posix-seh-rt_v6-rev0\mingw64\bin;C:\Users\ILHAM\AppData\Local\Microsoft\WindowsApps;C:\Users\ILHAM\AppData\Roaming\Composer\vendor\bin;C:\Users\ILHAM\AppData\Local\Programs\Microsoft VS Code\bin;C:\Users\ILHAM\AppData\Roaming\npm;;C:\Program Files\JetBrains\PhpStorm 2021.3\bin;
USERNAME=ILHAM
OS=Windows_NT
PROCESSOR_IDENTIFIER=AMD64 Family 23 Model 17 Stepping 0, AuthenticAMD



---------------  S Y S T E M  ---------------

OS: Windows 10 , 64 bit Build 19041 (10.0.19041.1348)
OS uptime: 0 days 2:19 hours

CPU:total 8 (initial active 8) (8 cores per cpu, 2 threads per core) family 23 model 17 stepping 0 microcode 0x0, cmov, cx8, fxsr, mmx, sse, sse2, sse3, ssse3, sse4.1, sse4.2, popcnt, avx, avx2, aes, clmul, mmxext, 3dnowpref, lzcnt, sse4a, ht, tsc, tscinvbit, tscinv, bmi1, bmi2, adx, s

Memory: 4k page, system-wide physical 3539M (212M free)
TotalPageFile size 14291M (AvailPageFile size 4M)
current process WorkingSet (physical memory assigned to process): 295M, peak: 295M
current process commit charge ("private bytes"): 354M, peak: 355M

vm_info: OpenJDK 64-Bit Server VM (11.0.10+0-b96-7249189) for windows-amd64 JRE (11.0.10+0-b96-7249189), built on Mar 31 2021 21:44:00 by "builder" with MS VC++ 14.0 (VS2015)

END.
